@main 17:33:35,231 DEBUG [JmxClientImpl] the jmx client instance attempting to connect to service:jmx:remoting-jmx://localhost:4447
@main 17:33:35,239 DEBUG [logging] Logging Provider: org.jboss.logging.Log4jLoggerProvider
@main 17:33:35,241 TRACE [RemotingConnectorServer] connect(null)
@main 17:33:35,247 INFO  [xnio] XNIO Version 3.0.16.GA-redhat-1
@main 17:33:35,256 INFO  [nio] XNIO NIO Implementation Version 3.0.16.GA-redhat-1
@main 17:33:35,256 TRACE [nio] NIO.2 detected
@main 17:33:35,262 TRACE [nio] Starting up with selector provider sun.nio.ch.KQueueSelectorProvider@3b764bce
@main 17:33:35,269 TRACE [safe-close] Closing resource sun.nio.ch.PollSelectorImpl@379619aa
@main 17:33:35,270 TRACE [nio] Using Default system selector creator for provider class sun.nio.ch.KQueueSelectorProvider for main selectors and Selector creator class sun.nio.ch.PollSelectorImpl for provider class sun.nio.ch.KQueueSelectorProvider for temp selectors
@main 17:33:35,278 TRACE [safe-close] Closing resource java.io.InputStreamReader@65ae6ba4
@main 17:33:35,278 TRACE [safe-close] Closing resource sun.net.www.protocol.jar.JarURLConnection$JarURLInputStream@48cf768c
@main 17:33:35,278 INFO  [remoting] JBoss Remoting version 3.3.9.Final-redhat-1
@main 17:33:35,290 TRACE [nio] CAS org.xnio.nio.NioXnioWorker@27ddd392 00000001 -> 00000002
@main 17:33:35,290 TRACE [nio] CAS org.xnio.nio.NioXnioWorker@27ddd392 00000002 -> 00000003
@Remoting "endpoint" read-1 17:33:35,290 TRACE [nio] Starting worker thread Thread[Remoting "endpoint" read-1,5,main]
@Remoting "endpoint" read-1 17:33:35,290 DEBUG [nio] Started channel thread 'Remoting "endpoint" read-1', selector sun.nio.ch.KQueueSelectorImpl@71b14a7b
@Remoting "endpoint" write-1 17:33:35,290 TRACE [nio] Starting worker thread Thread[Remoting "endpoint" write-1,5,main]
@Remoting "endpoint" write-1 17:33:35,290 DEBUG [nio] Started channel thread 'Remoting "endpoint" write-1', selector sun.nio.ch.KQueueSelectorImpl@2a1a0f3f
@Remoting "endpoint" read-1 17:33:35,290 TRACE [selector] Beginning select on sun.nio.ch.KQueueSelectorImpl@71b14a7b
@Remoting "endpoint" write-1 17:33:35,290 TRACE [selector] Beginning select on sun.nio.ch.KQueueSelectorImpl@2a1a0f3f
@main 17:33:35,293 TRACE [endpoint] Completed open of endpoint "endpoint" <63e31ee>
@main 17:33:35,294 TRACE [endpoint] Allocated tick to 1 of endpoint "endpoint" <63e31ee> (opened Connection provider for remote)
@main 17:33:35,337 TRACE [endpoint] Adding connection provider registration named 'remote': Remoting remote connection provider 19bb089b for endpoint "endpoint" <63e31ee>
@main 17:33:35,344 TRACE [endpoint] Allocated tick to 2 of endpoint "endpoint" <63e31ee> (opened Connection to localhost/127.0.0.1:4447)
@main 17:33:35,351 TRACE [remote] Attempting to connect to "localhost/127.0.0.1:4447" with options {org.xnio.Options.SASL_POLICY_NOPLAINTEXT=>false,org.xnio.Options.SSL_ENABLED=>true,org.xnio.Options.SSL_STARTTLS=>true,org.xnio.Options.SASL_POLICY_NOANONYMOUS=>false,org.xnio.Options.SASL_PROPERTIES=>[(jboss.sasl.local-user.quiet-auth=>true)]}
@main 17:33:35,428 TRACE [nio] Adding channel java.nio.channels.SocketChannel[unconnected local=/0:0:0:0:0:0:0:0:59547] to Thread[Remoting "endpoint" read-1,5,main] for XNIO channel TCP socket channel (NIO) <7921b0a2> (other thread)
@Remoting "endpoint" read-1 17:33:35,428 TRACE [selector] Selected on sun.nio.ch.KQueueSelectorImpl@71b14a7b
@Remoting "endpoint" read-1 17:33:35,429 TRACE [nio] Running task org.xnio.nio.WorkerThread$SynchTask@7f76ba3d
@Remoting "endpoint" read-1 17:33:35,429 TRACE [selector] Beginning select on sun.nio.ch.KQueueSelectorImpl@71b14a7b
@main 17:33:35,429 TRACE [nio] Adding channel java.nio.channels.SocketChannel[unconnected local=/0:0:0:0:0:0:0:0:59547] to Thread[Remoting "endpoint" write-1,5,main] for XNIO channel TCP socket channel (NIO) <7921b0a2> (other thread)
@Remoting "endpoint" write-1 17:33:35,429 TRACE [selector] Selected on sun.nio.ch.KQueueSelectorImpl@2a1a0f3f
@Remoting "endpoint" write-1 17:33:35,429 TRACE [nio] Running task org.xnio.nio.WorkerThread$SynchTask@24dde40c
@Remoting "endpoint" write-1 17:33:35,429 TRACE [selector] Beginning select on sun.nio.ch.KQueueSelectorImpl@2a1a0f3f
@main 17:33:35,432 TRACE [listener] Setting channel listener to Connection finisher for java.nio.channels.SocketChannel[connection-pending local=/0:0:0:0:0:0:0:0:59547 remote=localhost/127.0.0.1:4447]
@main 17:33:35,432 TRACE [nio] Setting operations of key sun.nio.ch.SelectionKeyImpl@6a2bcfcb of java.nio.channels.SocketChannel[connection-pending local=/0:0:0:0:0:0:0:0:59547 remote=localhost/127.0.0.1:4447] to 08 (other thread)
@Remoting "endpoint" read-1 17:33:35,432 TRACE [selector] Selected on sun.nio.ch.KQueueSelectorImpl@71b14a7b
@Remoting "endpoint" read-1 17:33:35,432 TRACE [selector] Beginning select on sun.nio.ch.KQueueSelectorImpl@71b14a7b
@Remoting "endpoint" read-1 17:33:35,432 TRACE [selector] Selected on sun.nio.ch.KQueueSelectorImpl@71b14a7b
@Remoting "endpoint" read-1 17:33:35,432 TRACE [selector] Selected key sun.nio.ch.SelectionKeyImpl@6a2bcfcb for java.nio.channels.SocketChannel[connection-pending local=/0:0:0:0:0:0:0:0:59547 remote=localhost/127.0.0.1:4447]
@Remoting "endpoint" read-1 17:33:35,433 TRACE [listener] Invoking listener Connection finisher for java.nio.channels.SocketChannel[connection-pending local=/0:0:0:0:0:0:0:0:59547 remote=localhost/127.0.0.1:4447] on channel TCP socket channel (NIO) <7921b0a2>
@Remoting "endpoint" read-1 17:33:35,433 TRACE [nio] Setting operations of key sun.nio.ch.SelectionKeyImpl@6a2bcfcb of java.nio.channels.SocketChannel[connected local=/127.0.0.1:59547 remote=localhost/127.0.0.1:4447] to 00 (same thread)
@Remoting "endpoint" read-1 17:33:35,433 TRACE [listener] Setting channel listener to null
@Remoting "endpoint" read-1 17:33:35,434 TRACE [listener] Invoking listener org.xnio.ssl.JsseXnioSsl$2@d5c4844 on channel TCP socket channel (NIO) <7921b0a2>
@Remoting "endpoint" read-1 17:33:35,520 TRACE [listener] Setting channel listener to Read listener for org.xnio.ssl.JsseConnectedSslStreamChannel around TCP socket channel (NIO) <7921b0a2>
@Remoting "endpoint" read-1 17:33:35,520 TRACE [listener] Setting channel listener to Write listener for org.xnio.ssl.JsseConnectedSslStreamChannel around TCP socket channel (NIO) <7921b0a2>
@Remoting "endpoint" read-1 17:33:35,520 TRACE [listener] Setting channel listener to Close listener for org.xnio.ssl.JsseConnectedSslStreamChannel around TCP socket channel (NIO) <7921b0a2>
@Remoting "endpoint" read-1 17:33:35,521 TRACE [listener] Invoking listener org.jboss.remoting3.remote.RemoteConnectionProvider$3@24737643 on channel org.xnio.ssl.JsseConnectedSslStreamChannel around TCP socket channel (NIO) <7921b0a2>
@Remoting "endpoint" read-1 17:33:35,548 TRACE [listener] Setting channel listener to Read listener for org.xnio.channels.FramedMessageChannel around org.xnio.ssl.JsseConnectedSslStreamChannel around TCP socket channel (NIO) <7921b0a2>
@Remoting "endpoint" read-1 17:33:35,548 TRACE [listener] Setting channel listener to Write listener for org.xnio.channels.FramedMessageChannel around org.xnio.ssl.JsseConnectedSslStreamChannel around TCP socket channel (NIO) <7921b0a2>
@Remoting "endpoint" read-1 17:33:35,548 TRACE [listener] Setting channel listener to Close listener for org.xnio.channels.FramedMessageChannel around org.xnio.ssl.JsseConnectedSslStreamChannel around TCP socket channel (NIO) <7921b0a2>
@Remoting "endpoint" read-1 17:33:35,551 TRACE [framed] Created new framed message channel around org.xnio.ssl.JsseConnectedSslStreamChannel around TCP socket channel (NIO) <7921b0a2>, receive buffer java.nio.HeapByteBuffer[pos=0 lim=8196 cap=8196], transmit buffer java.nio.HeapByteBuffer[pos=0 lim=8196 cap=8196]
@Remoting "endpoint" read-1 17:33:35,553 TRACE [connection] Initialized connection from localhost/127.0.0.1:4447 to /127.0.0.1:59547 with options {org.xnio.Options.SASL_POLICY_NOPLAINTEXT=>false,org.xnio.Options.SSL_ENABLED=>true,org.xnio.Options.SSL_STARTTLS=>true,org.xnio.Options.SASL_POLICY_NOANONYMOUS=>false,org.xnio.Options.SASL_PROPERTIES=>[(jboss.sasl.local-user.quiet-auth=>true)]}
@Remoting "endpoint" read-1 17:33:35,553 TRACE [listener] Setting channel listener to org.jboss.remoting3.remote.RemoteConnection$RemoteWriteListener@30d81c00
@Remoting "endpoint" read-1 17:33:35,554 TRACE [remote] Setting read listener to org.jboss.remoting3.remote.ClientConnectionOpenListener$Greeting@3ee9fcbf
@Remoting "endpoint" read-1 17:33:35,554 TRACE [listener] Setting channel listener to org.jboss.remoting3.remote.ClientConnectionOpenListener$Greeting@3ee9fcbf
@Remoting "endpoint" read-1 17:33:35,554 TRACE [nio] Resume reads on TCP socket channel (NIO) <7921b0a2>
@Remoting "endpoint" read-1 17:33:35,554 TRACE [nio] Setting operations of key sun.nio.ch.SelectionKeyImpl@6a2bcfcb of java.nio.channels.SocketChannel[connected local=/127.0.0.1:59547 remote=localhost/127.0.0.1:4447] to 01 (same thread)
@Remoting "endpoint" read-1 17:33:35,554 TRACE [selector] Beginning select on sun.nio.ch.KQueueSelectorImpl@71b14a7b
@Remoting "endpoint" read-1 17:33:35,555 TRACE [selector] Selected on sun.nio.ch.KQueueSelectorImpl@71b14a7b
@Remoting "endpoint" read-1 17:33:35,555 TRACE [selector] Selected key sun.nio.ch.SelectionKeyImpl@6a2bcfcb for java.nio.channels.SocketChannel[connected local=/127.0.0.1:59547 remote=localhost/127.0.0.1:4447]
@Remoting "endpoint" read-1 17:33:35,555 TRACE [listener] Invoking listener Read listener for org.xnio.ssl.JsseConnectedSslStreamChannel around TCP socket channel (NIO) <7921b0a2> on channel TCP socket channel (NIO) <7921b0a2>
@Remoting "endpoint" read-1 17:33:35,555 TRACE [listener] Invoking listener Read listener for org.xnio.channels.FramedMessageChannel around org.xnio.ssl.JsseConnectedSslStreamChannel around TCP socket channel (NIO) <7921b0a2> on channel org.xnio.ssl.JsseConnectedSslStreamChannel around TCP socket channel (NIO) <7921b0a2>
@Remoting "endpoint" read-1 17:33:35,555 TRACE [listener] Invoking listener org.jboss.remoting3.remote.ClientConnectionOpenListener$Greeting@3ee9fcbf on channel org.xnio.channels.FramedMessageChannel around org.xnio.ssl.JsseConnectedSslStreamChannel around TCP socket channel (NIO) <7921b0a2>
@Remoting "endpoint" read-1 17:33:35,557 TRACE [framed] Copying message from java.nio.HeapByteBuffer[pos=4 lim=16 cap=8196] into java.nio.DirectByteBuffer[pos=0 lim=8192 cap=8192]
@Remoting "endpoint" read-1 17:33:35,559 TRACE [client] Received java.nio.DirectByteBuffer[pos=12 lim=8192 cap=8192]
@Remoting "endpoint" read-1 17:33:35,559 TRACE [client] Client received greeting
@Remoting "endpoint" read-1 17:33:35,559 TRACE [client] Client received server name: localhost
@Remoting "endpoint" read-1 17:33:35,559 TRACE [client] Client sending capabilities request
@Remoting "endpoint" read-1 17:33:35,561 TRACE [remote] Setting read listener to org.jboss.remoting3.remote.ClientConnectionOpenListener$Capabilities@2ff2d845
@Remoting "endpoint" read-1 17:33:35,561 TRACE [listener] Setting channel listener to org.jboss.remoting3.remote.ClientConnectionOpenListener$Capabilities@2ff2d845
@Remoting "endpoint" read-1 17:33:35,561 TRACE [framed] Accepting java.nio.DirectByteBuffer[pos=0 lim=50 cap=8192] into java.nio.HeapByteBuffer[pos=0 lim=8196 cap=8196]
@Remoting "endpoint" read-1 17:33:35,561 TRACE [framed] Accepted a message into java.nio.HeapByteBuffer[pos=54 lim=8196 cap=8196]
@Remoting "endpoint" read-1 17:33:35,561 TRACE [framed] Fully flushed org.xnio.channels.FramedMessageChannel around org.xnio.ssl.JsseConnectedSslStreamChannel around TCP socket channel (NIO) <7921b0a2>
@Remoting "endpoint" read-1 17:33:35,562 TRACE [connection] Sent message java.nio.DirectByteBuffer[pos=50 lim=50 cap=8192] (direct)
@Remoting "endpoint" read-1 17:33:35,562 TRACE [framed] Fully flushed org.xnio.channels.FramedMessageChannel around org.xnio.ssl.JsseConnectedSslStreamChannel around TCP socket channel (NIO) <7921b0a2>
@Remoting "endpoint" read-1 17:33:35,562 TRACE [connection] Flushed channel (direct)
@Remoting "endpoint" read-1 17:33:35,562 TRACE [selector] Beginning select on sun.nio.ch.KQueueSelectorImpl@71b14a7b
@Remoting "endpoint" write-1 17:33:35,562 TRACE [selector] Selected on sun.nio.ch.KQueueSelectorImpl@2a1a0f3f
@Remoting "endpoint" write-1 17:33:35,562 TRACE [selector] Beginning select on sun.nio.ch.KQueueSelectorImpl@2a1a0f3f (with timeout)
@Remoting "endpoint" read-1 17:33:35,563 TRACE [selector] Selected on sun.nio.ch.KQueueSelectorImpl@71b14a7b
@Remoting "endpoint" read-1 17:33:35,563 TRACE [selector] Selected key sun.nio.ch.SelectionKeyImpl@6a2bcfcb for java.nio.channels.SocketChannel[connected local=/127.0.0.1:59547 remote=localhost/127.0.0.1:4447]
@Remoting "endpoint" read-1 17:33:35,563 TRACE [listener] Invoking listener Read listener for org.xnio.ssl.JsseConnectedSslStreamChannel around TCP socket channel (NIO) <7921b0a2> on channel TCP socket channel (NIO) <7921b0a2>
@Remoting "endpoint" read-1 17:33:35,563 TRACE [listener] Invoking listener Read listener for org.xnio.channels.FramedMessageChannel around org.xnio.ssl.JsseConnectedSslStreamChannel around TCP socket channel (NIO) <7921b0a2> on channel org.xnio.ssl.JsseConnectedSslStreamChannel around TCP socket channel (NIO) <7921b0a2>
@Remoting "endpoint" read-1 17:33:35,563 TRACE [listener] Invoking listener org.jboss.remoting3.remote.ClientConnectionOpenListener$Capabilities@2ff2d845 on channel org.xnio.channels.FramedMessageChannel around org.xnio.ssl.JsseConnectedSslStreamChannel around TCP socket channel (NIO) <7921b0a2>
@Remoting "endpoint" read-1 17:33:35,563 TRACE [framed] Copying message from java.nio.HeapByteBuffer[pos=4 lim=78 cap=8196] into java.nio.DirectByteBuffer[pos=0 lim=8192 cap=8192]
@Remoting "endpoint" read-1 17:33:35,563 TRACE [client] Client received capabilities response
@Remoting "endpoint" read-1 17:33:35,563 TRACE [client] Client received capability: version 1
@Remoting "endpoint" read-1 17:33:35,563 TRACE [client] Client received capability: remote endpoint name "master:blue-instance"
@Remoting "endpoint" read-1 17:33:35,563 TRACE [client] Client received capability: SASL mechanism DIGEST-MD5
@Remoting "endpoint" read-1 17:33:35,563 TRACE [client] SASL mechanism DIGEST-MD5 added to allowed set
@Remoting "endpoint" read-1 17:33:35,564 TRACE [client] Client received capability: message close protocol supported
@Remoting "endpoint" read-1 17:33:35,564 TRACE [client] Client received capability: remote version is "3.3.9.Final-redhat-1"
@Remoting "endpoint" read-1 17:33:35,564 TRACE [client] Client received capability: remote channels in is "40"
@Remoting "endpoint" read-1 17:33:35,564 TRACE [client] Client received capability: remote channels out is "40"
@Remoting "endpoint" read-1 17:33:35,571 TRACE [digest] Preferred qop property: null
@Remoting "endpoint" read-1 17:33:35,571 TRACE [digest] Preferred qop mask: 1
@Remoting "endpoint" read-1 17:33:35,571 TRACE [digest] Preferred QOPs : 1 
@Remoting "endpoint" read-1 17:33:35,572 TRACE [digest] Preferred strength: null
@Remoting "endpoint" read-1 17:33:35,572 TRACE [digest] Cipher strengths: 4 2 1 
@Remoting "endpoint" read-1 17:33:35,572 TRACE [client] DIGEST60:Explicitly specified cipher: null
@Remoting "endpoint" read-1 17:33:35,572 TRACE [client] Client initiating authentication using mechanism DIGEST-MD5
@Remoting "endpoint" read-1 17:33:35,573 TRACE [endpoint] Allocated tick to 3 of endpoint "endpoint" <63e31ee> (opened org.jboss.remoting3.EndpointImpl$TrackingExecutor@32eb567e)
@Remoting "endpoint" read-1 17:33:35,573 TRACE [selector] Beginning select on sun.nio.ch.KQueueSelectorImpl@71b14a7b
@Remoting "endpoint" task-1 17:33:35,573 TRACE [framed] Accepting java.nio.DirectByteBuffer[pos=0 lim=12 cap=8192] into java.nio.HeapByteBuffer[pos=0 lim=8196 cap=8196]
@Remoting "endpoint" task-1 17:33:35,573 TRACE [framed] Accepted a message into java.nio.HeapByteBuffer[pos=16 lim=8196 cap=8196]
@Remoting "endpoint" task-1 17:33:35,573 TRACE [framed] Fully flushed org.xnio.channels.FramedMessageChannel around org.xnio.ssl.JsseConnectedSslStreamChannel around TCP socket channel (NIO) <7921b0a2>
@Remoting "endpoint" task-1 17:33:35,573 TRACE [connection] Sent message java.nio.DirectByteBuffer[pos=12 lim=12 cap=8192] (direct)
@Remoting "endpoint" task-1 17:33:35,574 TRACE [framed] Fully flushed org.xnio.channels.FramedMessageChannel around org.xnio.ssl.JsseConnectedSslStreamChannel around TCP socket channel (NIO) <7921b0a2>
@Remoting "endpoint" task-1 17:33:35,574 TRACE [connection] Flushed channel (direct)
@Remoting "endpoint" task-1 17:33:35,574 TRACE [remote] Setting read listener to org.jboss.remoting3.remote.ClientConnectionOpenListener$Authentication@2ccf4bfb
@Remoting "endpoint" write-1 17:33:35,574 TRACE [selector] Selected on sun.nio.ch.KQueueSelectorImpl@2a1a0f3f
@Remoting "endpoint" task-1 17:33:35,574 TRACE [listener] Setting channel listener to org.jboss.remoting3.remote.ClientConnectionOpenListener$Authentication@2ccf4bfb
@Remoting "endpoint" write-1 17:33:35,574 TRACE [selector] Beginning select on sun.nio.ch.KQueueSelectorImpl@2a1a0f3f (with timeout)
@Remoting "endpoint" task-1 17:33:35,574 TRACE [endpoint] Resource closed count 00000002 of endpoint "endpoint" <63e31ee> (closed org.jboss.remoting3.EndpointImpl$TrackingExecutor@32eb567e)
@Remoting "endpoint" read-1 17:33:35,575 TRACE [selector] Selected on sun.nio.ch.KQueueSelectorImpl@71b14a7b
@Remoting "endpoint" read-1 17:33:35,575 TRACE [selector] Selected key sun.nio.ch.SelectionKeyImpl@6a2bcfcb for java.nio.channels.SocketChannel[connected local=/127.0.0.1:59547 remote=localhost/127.0.0.1:4447]
@Remoting "endpoint" read-1 17:33:35,576 TRACE [listener] Invoking listener Read listener for org.xnio.ssl.JsseConnectedSslStreamChannel around TCP socket channel (NIO) <7921b0a2> on channel TCP socket channel (NIO) <7921b0a2>
@Remoting "endpoint" read-1 17:33:35,576 TRACE [listener] Invoking listener Read listener for org.xnio.channels.FramedMessageChannel around org.xnio.ssl.JsseConnectedSslStreamChannel around TCP socket channel (NIO) <7921b0a2> on channel org.xnio.ssl.JsseConnectedSslStreamChannel around TCP socket channel (NIO) <7921b0a2>
@Remoting "endpoint" read-1 17:33:35,576 TRACE [listener] Invoking listener org.jboss.remoting3.remote.ClientConnectionOpenListener$Authentication@2ccf4bfb on channel org.xnio.channels.FramedMessageChannel around org.xnio.ssl.JsseConnectedSslStreamChannel around TCP socket channel (NIO) <7921b0a2>
@Remoting "endpoint" read-1 17:33:35,576 TRACE [framed] Copying message from java.nio.HeapByteBuffer[pos=4 lim=111 cap=8196] into java.nio.DirectByteBuffer[pos=0 lim=8192 cap=8192]





@Remoting "endpoint" read-1 17:33:35,576 TRACE [client] Client received authentication challenge



@Remoting "endpoint" read-1 17:33:35,576 TRACE [endpoint] Allocated tick to 3 of endpoint "endpoint" <63e31ee> (opened org.jboss.remoting3.EndpointImpl$TrackingExecutor@32eb567e)



@Remoting "endpoint" read-1 17:33:35,577 TRACE [selector] Beginning select on sun.nio.ch.KQueueSelectorImpl@71b14a7b
@Remoting "endpoint" task-2 17:33:35,577 TRACE [digest] DIGEST11:Directive realm = ApplicationRealm
@Remoting "endpoint" task-2 17:33:35,577 TRACE [digest] DIGEST11:Directive nonce = 86man6lhrGEev3la5ywxx6pIitrMGiYi37m12kea
@Remoting "endpoint" task-2 17:33:35,577 TRACE [digest] DIGEST11:Directive charset = utf-8
@Remoting "endpoint" task-2 17:33:35,577 TRACE [digest] DIGEST11:Directive algorithm = md5-sess
@Remoting "endpoint" task-2 17:33:35,578 DEBUG [client] Client authentication failed for mechanism DIGEST-MD5: javax.security.sasl.SaslException: DIGEST-MD5: Cannot perform callback to acquire realm, authentication ID or password [Caused by javax.security.auth.callback.UnsupportedCallbackException]













@Remoting "endpoint" task-2 17:33:35,578 TRACE [client] Client sending capabilities request
@Remoting "endpoint" task-2 17:33:35,578 TRACE [remote] Setting read listener to org.jboss.remoting3.remote.ClientConnectionOpenListener$Capabilities@61c713d2
@Remoting "endpoint" task-2 17:33:35,578 TRACE [listener] Setting channel listener to org.jboss.remoting3.remote.ClientConnectionOpenListener$Capabilities@61c713d2
@Remoting "endpoint" task-2 17:33:35,578 TRACE [framed] Accepting java.nio.DirectByteBuffer[pos=0 lim=50 cap=8192] into java.nio.HeapByteBuffer[pos=0 lim=8196 cap=8196]
@Remoting "endpoint" task-2 17:33:35,578 TRACE [framed] Accepted a message into java.nio.HeapByteBuffer[pos=54 lim=8196 cap=8196]
@Remoting "endpoint" task-2 17:33:35,578 TRACE [framed] Fully flushed org.xnio.channels.FramedMessageChannel around org.xnio.ssl.JsseConnectedSslStreamChannel around TCP socket channel (NIO) <7921b0a2>
@Remoting "endpoint" task-2 17:33:35,578 TRACE [connection] Sent message java.nio.DirectByteBuffer[pos=50 lim=50 cap=8192] (direct)
@Remoting "endpoint" task-2 17:33:35,578 TRACE [framed] Fully flushed org.xnio.channels.FramedMessageChannel around org.xnio.ssl.JsseConnectedSslStreamChannel around TCP socket channel (NIO) <7921b0a2>
@Remoting "endpoint" task-2 17:33:35,578 TRACE [connection] Flushed channel (direct)
@Remoting "endpoint" write-1 17:33:35,578 TRACE [selector] Selected on sun.nio.ch.KQueueSelectorImpl@2a1a0f3f
@Remoting "endpoint" task-2 17:33:35,578 TRACE [endpoint] Resource closed count 00000002 of endpoint "endpoint" <63e31ee> (closed org.jboss.remoting3.EndpointImpl$TrackingExecutor@32eb567e)
@Remoting "endpoint" write-1 17:33:35,578 TRACE [selector] Beginning select on sun.nio.ch.KQueueSelectorImpl@2a1a0f3f (with timeout)
@Remoting "endpoint" read-1 17:33:35,579 TRACE [selector] Selected on sun.nio.ch.KQueueSelectorImpl@71b14a7b
@Remoting "endpoint" read-1 17:33:35,579 TRACE [selector] Selected key sun.nio.ch.SelectionKeyImpl@6a2bcfcb for java.nio.channels.SocketChannel[connected local=/127.0.0.1:59547 remote=localhost/127.0.0.1:4447]
@Remoting "endpoint" read-1 17:33:35,579 TRACE [listener] Invoking listener Read listener for org.xnio.ssl.JsseConnectedSslStreamChannel around TCP socket channel (NIO) <7921b0a2> on channel TCP socket channel (NIO) <7921b0a2>
@Remoting "endpoint" read-1 17:33:35,580 TRACE [listener] Invoking listener Read listener for org.xnio.channels.FramedMessageChannel around org.xnio.ssl.JsseConnectedSslStreamChannel around TCP socket channel (NIO) <7921b0a2> on channel org.xnio.ssl.JsseConnectedSslStreamChannel around TCP socket channel (NIO) <7921b0a2>
@Remoting "endpoint" read-1 17:33:35,580 TRACE [listener] Invoking listener org.jboss.remoting3.remote.ClientConnectionOpenListener$Capabilities@61c713d2 on channel org.xnio.channels.FramedMessageChannel around org.xnio.ssl.JsseConnectedSslStreamChannel around TCP socket channel (NIO) <7921b0a2>
@Remoting "endpoint" read-1 17:33:35,580 TRACE [framed] Copying message from java.nio.HeapByteBuffer[pos=4 lim=78 cap=8196] into java.nio.DirectByteBuffer[pos=0 lim=8192 cap=8192]
@Remoting "endpoint" read-1 17:33:35,580 TRACE [client] Client received capabilities response
@Remoting "endpoint" read-1 17:33:35,580 TRACE [client] Client received capability: version 1
@Remoting "endpoint" read-1 17:33:35,580 TRACE [client] Client received capability: remote endpoint name "master:blue-instance"
@Remoting "endpoint" read-1 17:33:35,580 TRACE [client] Client received capability: SASL mechanism DIGEST-MD5
@Remoting "endpoint" read-1 17:33:35,580 TRACE [client] Client received capability: message close protocol supported
@Remoting "endpoint" read-1 17:33:35,580 TRACE [client] Client received capability: remote version is "3.3.9.Final-redhat-1"
@Remoting "endpoint" read-1 17:33:35,580 TRACE [client] Client received capability: remote channels in is "40"
@Remoting "endpoint" read-1 17:33:35,580 TRACE [client] Client received capability: remote channels out is "40"
@Remoting "endpoint" read-1 17:33:35,580 TRACE [connection] Connection error detail
javax.security.sasl.SaslException: Authentication failed: the server presented no authentication mechanisms
	at org.jboss.remoting3.remote.ClientConnectionOpenListener$Capabilities.handleEvent(ClientConnectionOpenListener.java:389)
	at org.jboss.remoting3.remote.ClientConnectionOpenListener$Capabilities.handleEvent(ClientConnectionOpenListener.java:243)
	at org.xnio.ChannelListeners.invokeChannelListener(ChannelListeners.java:72)
	at org.xnio.channels.TranslatingSuspendableChannel.handleReadable(TranslatingSuspendableChannel.java:189)
	at org.xnio.channels.TranslatingSuspendableChannel$1.handleEvent(TranslatingSuspendableChannel.java:103)
	at org.xnio.ChannelListeners.invokeChannelListener(ChannelListeners.java:72)
	at org.xnio.channels.TranslatingSuspendableChannel.handleReadable(TranslatingSuspendableChannel.java:189)
	at org.xnio.ssl.JsseConnectedSslStreamChannel.handleReadable(JsseConnectedSslStreamChannel.java:183)
	at org.xnio.channels.TranslatingSuspendableChannel$1.handleEvent(TranslatingSuspendableChannel.java:103)
	at org.xnio.ChannelListeners.invokeChannelListener(ChannelListeners.java:72)
	at org.xnio.nio.NioHandle.run(NioHandle.java:90)
	at org.xnio.nio.WorkerThread.run(WorkerThread.java:198)
@Remoting "endpoint" read-1 17:33:35,582 DEBUG [connection] JBREM000200: Remote connection failed: javax.security.sasl.SaslException: Authentication failed: the server presented no authentication mechanisms
@Remoting "endpoint" read-1 17:33:35,582 TRACE [safe-close] Closing resource org.xnio.channels.FramedMessageChannel around org.xnio.ssl.JsseConnectedSslStreamChannel around TCP socket channel (NIO) <7921b0a2>
@Remoting "endpoint" read-1 17:33:35,582 TRACE [framed] Fully flushed org.xnio.channels.FramedMessageChannel around org.xnio.ssl.JsseConnectedSslStreamChannel around TCP socket channel (NIO) <7921b0a2>
@Remoting "endpoint" read-1 17:33:35,582 TRACE [channel] Closing TCP socket channel (NIO) <7921b0a2>
@Remoting "endpoint" read-1 17:33:35,583 TRACE [nio] Cancelling key sun.nio.ch.SelectionKeyImpl@6a2bcfcb of java.nio.channels.SocketChannel[closed] (same thread)
@Remoting "endpoint" read-1 17:33:35,583 TRACE [nio] Cancelling key sun.nio.ch.SelectionKeyImpl@3c756e4d of java.nio.channels.SocketChannel[closed] (other thread)
@Remoting "endpoint" read-1 17:33:35,583 TRACE [listener] Invoking listener Close listener for org.xnio.ssl.JsseConnectedSslStreamChannel around TCP socket channel (NIO) <7921b0a2> on channel TCP socket channel (NIO) <7921b0a2>
@Remoting "endpoint" read-1 17:33:35,583 TRACE [safe-close] Closing resource org.xnio.ssl.JsseConnectedSslStreamChannel around TCP socket channel (NIO) <7921b0a2>
@Remoting "endpoint" read-1 17:33:35,583 TRACE [safe-close] Closing resource TCP socket channel (NIO) <7921b0a2>
@Remoting "endpoint" read-1 17:33:35,583 TRACE [listener] Invoking listener Close listener for org.xnio.channels.FramedMessageChannel around org.xnio.ssl.JsseConnectedSslStreamChannel around TCP socket channel (NIO) <7921b0a2> on channel org.xnio.ssl.JsseConnectedSslStreamChannel around TCP socket channel (NIO) <7921b0a2>
@Remoting "endpoint" read-1 17:33:35,583 TRACE [safe-close] Closing resource org.xnio.channels.FramedMessageChannel around org.xnio.ssl.JsseConnectedSslStreamChannel around TCP socket channel (NIO) <7921b0a2>
@Remoting "endpoint" write-1 17:33:35,583 TRACE [selector] Selected on sun.nio.ch.KQueueSelectorImpl@2a1a0f3f
@Remoting "endpoint" read-1 17:33:35,583 TRACE [safe-close] Closing resource org.xnio.ssl.JsseConnectedSslStreamChannel around TCP socket channel (NIO) <7921b0a2>
@Remoting "endpoint" write-1 17:33:35,583 TRACE [selector] Beginning select on sun.nio.ch.KQueueSelectorImpl@2a1a0f3f
@Remoting "endpoint" read-1 17:33:35,583 TRACE [endpoint] Registered exception result
javax.security.sasl.SaslException: Authentication failed: the server presented no authentication mechanisms
	at org.jboss.remoting3.remote.ClientConnectionOpenListener$Capabilities.handleEvent(ClientConnectionOpenListener.java:389)
	at org.jboss.remoting3.remote.ClientConnectionOpenListener$Capabilities.handleEvent(ClientConnectionOpenListener.java:243)
	at org.xnio.ChannelListeners.invokeChannelListener(ChannelListeners.java:72)
	at org.xnio.channels.TranslatingSuspendableChannel.handleReadable(TranslatingSuspendableChannel.java:189)
	at org.xnio.channels.TranslatingSuspendableChannel$1.handleEvent(TranslatingSuspendableChannel.java:103)
	at org.xnio.ChannelListeners.invokeChannelListener(ChannelListeners.java:72)
	at org.xnio.channels.TranslatingSuspendableChannel.handleReadable(TranslatingSuspendableChannel.java:189)
	at org.xnio.ssl.JsseConnectedSslStreamChannel.handleReadable(JsseConnectedSslStreamChannel.java:183)
	at org.xnio.channels.TranslatingSuspendableChannel$1.handleEvent(TranslatingSuspendableChannel.java:103)
	at org.xnio.ChannelListeners.invokeChannelListener(ChannelListeners.java:72)
	at org.xnio.nio.NioHandle.run(NioHandle.java:90)
	at org.xnio.nio.WorkerThread.run(WorkerThread.java:198)
@Remoting "endpoint" read-1 17:33:35,584 TRACE [endpoint] Resource closed count 00000001 of endpoint "endpoint" <63e31ee> (closed a failed connection (2))
@main 17:33:35,584 TRACE [RemotingConnectorServer] close()
@Remoting "endpoint" read-1 17:33:35,584 TRACE [selector] Beginning select on sun.nio.ch.KQueueSelectorImpl@71b14a7b
@main 17:33:35,584 TRACE [resource] Closing endpoint "endpoint" <63e31ee> synchronously
@main 17:33:35,585 TRACE [resource] Closing Remoting remote connection provider 19bb089b for endpoint "endpoint" <63e31ee> asynchronously
@main 17:33:35,585 TRACE [resource] Completed close of Remoting remote connection provider 19bb089b for endpoint "endpoint" <63e31ee>
@main 17:33:35,586 TRACE [resource] Closing Registration of 'remote': Remoting remote connection provider 19bb089b for endpoint "endpoint" <63e31ee> asynchronously
@main 17:33:35,586 TRACE [resource] Closing Remoting remote connection provider 19bb089b for endpoint "endpoint" <63e31ee> asynchronously
@main 17:33:35,586 TRACE [resource] Completed close of Registration of 'remote': Remoting remote connection provider 19bb089b for endpoint "endpoint" <63e31ee>
@main 17:33:35,586 TRACE [endpoint] Finished phase 1 shutdown of endpoint "endpoint" <63e31ee>
@main 17:33:35,586 TRACE [nio] Initiating shutdown of org.xnio.nio.NioXnioWorker@27ddd392
@Remoting "endpoint" read-1 17:33:35,586 TRACE [selector] Selected on sun.nio.ch.KQueueSelectorImpl@71b14a7b
@Remoting "endpoint" write-1 17:33:35,586 TRACE [selector] Selected on sun.nio.ch.KQueueSelectorImpl@2a1a0f3f
@Remoting "endpoint" read-1 17:33:35,586 TRACE [nio] Shutting down channel thread "Thread[Remoting "endpoint" read-1,5,main]"
@Remoting "endpoint" write-1 17:33:35,586 TRACE [nio] Shutting down channel thread "Thread[Remoting "endpoint" write-1,5,main]"
@Remoting "endpoint" read-1 17:33:35,586 TRACE [safe-close] Closing resource sun.nio.ch.KQueueSelectorImpl@71b14a7b
@Remoting "endpoint" write-1 17:33:35,586 TRACE [safe-close] Closing resource sun.nio.ch.KQueueSelectorImpl@2a1a0f3f
@Remoting "endpoint" write-1 17:33:35,586 TRACE [nio] CAS org.xnio.nio.NioXnioWorker@27ddd392 80000002 -> 80000001
@Remoting "endpoint" read-1 17:33:35,586 TRACE [nio] CAS org.xnio.nio.NioXnioWorker@27ddd392 80000003 -> 80000002
@Remoting "endpoint" task-1 17:33:35,586 TRACE [nio] CAS org.xnio.nio.NioXnioWorker@27ddd392 80000001 -> 80000000
@Remoting "endpoint" task-1 17:33:35,586 TRACE [nio] CAS org.xnio.nio.NioXnioWorker@27ddd392 80000000 -> c0000000 (close complete)
@main 17:33:35,586 TRACE [resource] Closing Remoting local connection provider 5419f379 for endpoint "endpoint" <63e31ee> asynchronously
@Remoting "endpoint" task-1 17:33:35,587 TRACE [resource] Completed close of endpoint "endpoint" <63e31ee>
@main 17:33:35,587 TRACE [resource] Completed close of Remoting local connection provider 5419f379 for endpoint "endpoint" <63e31ee>
